2017-07-18T03:22:48+00:00 ERR (3): Warning: simplexml_load_string(): Entity: line 1: parser error : Blank needed here  in D:\phpStudy\WWW\magento1933\lib\Varien\Simplexml\Config.php on line 510
2017-07-18T03:22:48+00:00 ERR (3): Warning: simplexml_load_string(): &lt;?xml version=&quot;1.0&quot;&gt;  in D:\phpStudy\WWW\magento1933\lib\Varien\Simplexml\Config.php on line 510
2017-07-18T03:22:48+00:00 ERR (3): Warning: simplexml_load_string():                    ^  in D:\phpStudy\WWW\magento1933\lib\Varien\Simplexml\Config.php on line 510
2017-07-18T03:22:48+00:00 ERR (3): Warning: simplexml_load_string(): Entity: line 1: parser error : parsing XML declaration: '?&gt;' expected  in D:\phpStudy\WWW\magento1933\lib\Varien\Simplexml\Config.php on line 510
2017-07-18T03:22:48+00:00 ERR (3): Warning: simplexml_load_string(): &lt;?xml version=&quot;1.0&quot;&gt;  in D:\phpStudy\WWW\magento1933\lib\Varien\Simplexml\Config.php on line 510
2017-07-18T03:22:48+00:00 ERR (3): Warning: simplexml_load_string():                    ^  in D:\phpStudy\WWW\magento1933\lib\Varien\Simplexml\Config.php on line 510
2017-07-18T03:22:50+00:00 ERR (3): Warning: simplexml_load_string(): Entity: line 1: parser error : Blank needed here  in D:\phpStudy\WWW\magento1933\lib\Varien\Simplexml\Config.php on line 510
2017-07-18T03:22:50+00:00 ERR (3): Warning: simplexml_load_string(): &lt;?xml version=&quot;1.0&quot;&gt;  in D:\phpStudy\WWW\magento1933\lib\Varien\Simplexml\Config.php on line 510
2017-07-18T03:22:50+00:00 ERR (3): Warning: simplexml_load_string():                    ^  in D:\phpStudy\WWW\magento1933\lib\Varien\Simplexml\Config.php on line 510
2017-07-18T03:22:50+00:00 ERR (3): Warning: simplexml_load_string(): Entity: line 1: parser error : parsing XML declaration: '?&gt;' expected  in D:\phpStudy\WWW\magento1933\lib\Varien\Simplexml\Config.php on line 510
2017-07-18T03:22:50+00:00 ERR (3): Warning: simplexml_load_string(): &lt;?xml version=&quot;1.0&quot;&gt;  in D:\phpStudy\WWW\magento1933\lib\Varien\Simplexml\Config.php on line 510
2017-07-18T03:22:50+00:00 ERR (3): Warning: simplexml_load_string():                    ^  in D:\phpStudy\WWW\magento1933\lib\Varien\Simplexml\Config.php on line 510
2017-07-18T03:22:53+00:00 ERR (3): Warning: simplexml_load_string(): Entity: line 1: parser error : Blank needed here  in D:\phpStudy\WWW\magento1933\lib\Varien\Simplexml\Config.php on line 510
2017-07-18T03:22:53+00:00 ERR (3): Warning: simplexml_load_string(): &lt;?xml version=&quot;1.0&quot;&gt;  in D:\phpStudy\WWW\magento1933\lib\Varien\Simplexml\Config.php on line 510
2017-07-18T03:22:53+00:00 ERR (3): Warning: simplexml_load_string():                    ^  in D:\phpStudy\WWW\magento1933\lib\Varien\Simplexml\Config.php on line 510
2017-07-18T03:22:53+00:00 ERR (3): Warning: simplexml_load_string(): Entity: line 1: parser error : parsing XML declaration: '?&gt;' expected  in D:\phpStudy\WWW\magento1933\lib\Varien\Simplexml\Config.php on line 510
2017-07-18T03:22:53+00:00 ERR (3): Warning: simplexml_load_string(): &lt;?xml version=&quot;1.0&quot;&gt;  in D:\phpStudy\WWW\magento1933\lib\Varien\Simplexml\Config.php on line 510
2017-07-18T03:22:53+00:00 ERR (3): Warning: simplexml_load_string():                    ^  in D:\phpStudy\WWW\magento1933\lib\Varien\Simplexml\Config.php on line 510
2017-07-18T03:22:55+00:00 ERR (3): Warning: simplexml_load_string(): Entity: line 1: parser error : Blank needed here  in D:\phpStudy\WWW\magento1933\lib\Varien\Simplexml\Config.php on line 510
2017-07-18T03:22:55+00:00 ERR (3): Warning: simplexml_load_string(): &lt;?xml version=&quot;1.0&quot;&gt;  in D:\phpStudy\WWW\magento1933\lib\Varien\Simplexml\Config.php on line 510
2017-07-18T03:22:55+00:00 ERR (3): Warning: simplexml_load_string():                    ^  in D:\phpStudy\WWW\magento1933\lib\Varien\Simplexml\Config.php on line 510
2017-07-18T03:22:55+00:00 ERR (3): Warning: simplexml_load_string(): Entity: line 1: parser error : parsing XML declaration: '?&gt;' expected  in D:\phpStudy\WWW\magento1933\lib\Varien\Simplexml\Config.php on line 510
2017-07-18T03:22:55+00:00 ERR (3): Warning: simplexml_load_string(): &lt;?xml version=&quot;1.0&quot;&gt;  in D:\phpStudy\WWW\magento1933\lib\Varien\Simplexml\Config.php on line 510
2017-07-18T03:22:55+00:00 ERR (3): Warning: simplexml_load_string():                    ^  in D:\phpStudy\WWW\magento1933\lib\Varien\Simplexml\Config.php on line 510
2017-07-18T03:22:59+00:00 ERR (3): Warning: simplexml_load_string(): Entity: line 1: parser error : Blank needed here  in D:\phpStudy\WWW\magento1933\lib\Varien\Simplexml\Config.php on line 510
2017-07-18T03:22:59+00:00 ERR (3): Warning: simplexml_load_string(): &lt;?xml version=&quot;1.0&quot;&gt;  in D:\phpStudy\WWW\magento1933\lib\Varien\Simplexml\Config.php on line 510
2017-07-18T03:22:59+00:00 ERR (3): Warning: simplexml_load_string():                    ^  in D:\phpStudy\WWW\magento1933\lib\Varien\Simplexml\Config.php on line 510
2017-07-18T03:22:59+00:00 ERR (3): Warning: simplexml_load_string(): Entity: line 1: parser error : parsing XML declaration: '?&gt;' expected  in D:\phpStudy\WWW\magento1933\lib\Varien\Simplexml\Config.php on line 510
2017-07-18T03:22:59+00:00 ERR (3): Warning: simplexml_load_string(): &lt;?xml version=&quot;1.0&quot;&gt;  in D:\phpStudy\WWW\magento1933\lib\Varien\Simplexml\Config.php on line 510
2017-07-18T03:22:59+00:00 ERR (3): Warning: simplexml_load_string():                    ^  in D:\phpStudy\WWW\magento1933\lib\Varien\Simplexml\Config.php on line 510
2017-07-18T03:23:34+00:00 ERR (3): Warning: simplexml_load_string(): Entity: line 1: parser error : Blank needed here  in D:\phpStudy\WWW\magento1933\lib\Varien\Simplexml\Config.php on line 510
2017-07-18T03:23:34+00:00 ERR (3): Warning: simplexml_load_string(): &lt;?xml version=&quot;1.0&quot;&gt;  in D:\phpStudy\WWW\magento1933\lib\Varien\Simplexml\Config.php on line 510
2017-07-18T03:23:34+00:00 ERR (3): Warning: simplexml_load_string():                    ^  in D:\phpStudy\WWW\magento1933\lib\Varien\Simplexml\Config.php on line 510
2017-07-18T03:23:34+00:00 ERR (3): Warning: simplexml_load_string(): Entity: line 1: parser error : parsing XML declaration: '?&gt;' expected  in D:\phpStudy\WWW\magento1933\lib\Varien\Simplexml\Config.php on line 510
2017-07-18T03:23:34+00:00 ERR (3): Warning: simplexml_load_string(): &lt;?xml version=&quot;1.0&quot;&gt;  in D:\phpStudy\WWW\magento1933\lib\Varien\Simplexml\Config.php on line 510
2017-07-18T03:23:34+00:00 ERR (3): Warning: simplexml_load_string():                    ^  in D:\phpStudy\WWW\magento1933\lib\Varien\Simplexml\Config.php on line 510
2017-07-18T03:23:39+00:00 ERR (3): Warning: simplexml_load_string(): Entity: line 1: parser error : Blank needed here  in D:\phpStudy\WWW\magento1933\lib\Varien\Simplexml\Config.php on line 510
2017-07-18T03:23:39+00:00 ERR (3): Warning: simplexml_load_string(): &lt;?xml version=&quot;1.0&quot;&gt;  in D:\phpStudy\WWW\magento1933\lib\Varien\Simplexml\Config.php on line 510
2017-07-18T03:23:39+00:00 ERR (3): Warning: simplexml_load_string():                    ^  in D:\phpStudy\WWW\magento1933\lib\Varien\Simplexml\Config.php on line 510
2017-07-18T03:23:39+00:00 ERR (3): Warning: simplexml_load_string(): Entity: line 1: parser error : parsing XML declaration: '?&gt;' expected  in D:\phpStudy\WWW\magento1933\lib\Varien\Simplexml\Config.php on line 510
2017-07-18T03:23:39+00:00 ERR (3): Warning: simplexml_load_string(): &lt;?xml version=&quot;1.0&quot;&gt;  in D:\phpStudy\WWW\magento1933\lib\Varien\Simplexml\Config.php on line 510
2017-07-18T03:23:39+00:00 ERR (3): Warning: simplexml_load_string():                    ^  in D:\phpStudy\WWW\magento1933\lib\Varien\Simplexml\Config.php on line 510
2017-07-18T03:23:42+00:00 ERR (3): Warning: simplexml_load_string(): Entity: line 1: parser error : Blank needed here  in D:\phpStudy\WWW\magento1933\lib\Varien\Simplexml\Config.php on line 510
2017-07-18T03:23:42+00:00 ERR (3): Warning: simplexml_load_string(): &lt;?xml version=&quot;1.0&quot;&gt;  in D:\phpStudy\WWW\magento1933\lib\Varien\Simplexml\Config.php on line 510
2017-07-18T03:23:42+00:00 ERR (3): Warning: simplexml_load_string():                    ^  in D:\phpStudy\WWW\magento1933\lib\Varien\Simplexml\Config.php on line 510
2017-07-18T03:23:42+00:00 ERR (3): Warning: simplexml_load_string(): Entity: line 1: parser error : parsing XML declaration: '?&gt;' expected  in D:\phpStudy\WWW\magento1933\lib\Varien\Simplexml\Config.php on line 510
2017-07-18T03:23:42+00:00 ERR (3): Warning: simplexml_load_string(): &lt;?xml version=&quot;1.0&quot;&gt;  in D:\phpStudy\WWW\magento1933\lib\Varien\Simplexml\Config.php on line 510
2017-07-18T03:23:42+00:00 ERR (3): Warning: simplexml_load_string():                    ^  in D:\phpStudy\WWW\magento1933\lib\Varien\Simplexml\Config.php on line 510
2017-07-18T03:24:14+00:00 ERR (3): Warning: simplexml_load_string(): Entity: line 1: parser error : Blank needed here  in D:\phpStudy\WWW\magento1933\lib\Varien\Simplexml\Config.php on line 510
2017-07-18T03:24:14+00:00 ERR (3): Warning: simplexml_load_string(): &lt;?xml version=&quot;1.0&quot;&gt;  in D:\phpStudy\WWW\magento1933\lib\Varien\Simplexml\Config.php on line 510
2017-07-18T03:24:14+00:00 ERR (3): Warning: simplexml_load_string():                    ^  in D:\phpStudy\WWW\magento1933\lib\Varien\Simplexml\Config.php on line 510
2017-07-18T03:24:14+00:00 ERR (3): Warning: simplexml_load_string(): Entity: line 1: parser error : parsing XML declaration: '?&gt;' expected  in D:\phpStudy\WWW\magento1933\lib\Varien\Simplexml\Config.php on line 510
2017-07-18T03:24:14+00:00 ERR (3): Warning: simplexml_load_string(): &lt;?xml version=&quot;1.0&quot;&gt;  in D:\phpStudy\WWW\magento1933\lib\Varien\Simplexml\Config.php on line 510
2017-07-18T03:24:14+00:00 ERR (3): Warning: simplexml_load_string():                    ^  in D:\phpStudy\WWW\magento1933\lib\Varien\Simplexml\Config.php on line 510
2017-07-18T03:25:05+00:00 ERR (3): Warning: simplexml_load_string(): Entity: line 1: parser error : Blank needed here  in D:\phpStudy\WWW\magento1933\lib\Varien\Simplexml\Config.php on line 510
2017-07-18T03:25:05+00:00 ERR (3): Warning: simplexml_load_string(): &lt;?xml version=&quot;1.0&quot;&gt;  in D:\phpStudy\WWW\magento1933\lib\Varien\Simplexml\Config.php on line 510
2017-07-18T03:25:05+00:00 ERR (3): Warning: simplexml_load_string():                    ^  in D:\phpStudy\WWW\magento1933\lib\Varien\Simplexml\Config.php on line 510
2017-07-18T03:25:05+00:00 ERR (3): Warning: simplexml_load_string(): Entity: line 1: parser error : parsing XML declaration: '?&gt;' expected  in D:\phpStudy\WWW\magento1933\lib\Varien\Simplexml\Config.php on line 510
2017-07-18T03:25:05+00:00 ERR (3): Warning: simplexml_load_string(): &lt;?xml version=&quot;1.0&quot;&gt;  in D:\phpStudy\WWW\magento1933\lib\Varien\Simplexml\Config.php on line 510
2017-07-18T03:25:05+00:00 ERR (3): Warning: simplexml_load_string():                    ^  in D:\phpStudy\WWW\magento1933\lib\Varien\Simplexml\Config.php on line 510
2017-07-18T03:28:45+00:00 ERR (3): Warning: simplexml_load_string(): Entity: line 1: parser error : Blank needed here  in D:\phpStudy\WWW\magento1933\lib\Varien\Simplexml\Config.php on line 510
2017-07-18T03:28:45+00:00 ERR (3): Warning: simplexml_load_string(): &lt;?xml version=&quot;1.0&quot;&gt;  in D:\phpStudy\WWW\magento1933\lib\Varien\Simplexml\Config.php on line 510
2017-07-18T03:28:45+00:00 ERR (3): Warning: simplexml_load_string():                    ^  in D:\phpStudy\WWW\magento1933\lib\Varien\Simplexml\Config.php on line 510
2017-07-18T03:28:45+00:00 ERR (3): Warning: simplexml_load_string(): Entity: line 1: parser error : parsing XML declaration: '?&gt;' expected  in D:\phpStudy\WWW\magento1933\lib\Varien\Simplexml\Config.php on line 510
2017-07-18T03:28:45+00:00 ERR (3): Warning: simplexml_load_string(): &lt;?xml version=&quot;1.0&quot;&gt;  in D:\phpStudy\WWW\magento1933\lib\Varien\Simplexml\Config.php on line 510
2017-07-18T03:28:45+00:00 ERR (3): Warning: simplexml_load_string():                    ^  in D:\phpStudy\WWW\magento1933\lib\Varien\Simplexml\Config.php on line 510
2017-07-18T03:28:46+00:00 ERR (3): Warning: simplexml_load_string(): Entity: line 1: parser error : Blank needed here  in D:\phpStudy\WWW\magento1933\lib\Varien\Simplexml\Config.php on line 510
2017-07-18T03:28:46+00:00 ERR (3): Warning: simplexml_load_string(): &lt;?xml version=&quot;1.0&quot;&gt;  in D:\phpStudy\WWW\magento1933\lib\Varien\Simplexml\Config.php on line 510
2017-07-18T03:28:46+00:00 ERR (3): Warning: simplexml_load_string():                    ^  in D:\phpStudy\WWW\magento1933\lib\Varien\Simplexml\Config.php on line 510
2017-07-18T03:28:46+00:00 ERR (3): Warning: simplexml_load_string(): Entity: line 1: parser error : parsing XML declaration: '?&gt;' expected  in D:\phpStudy\WWW\magento1933\lib\Varien\Simplexml\Config.php on line 510
2017-07-18T03:28:46+00:00 ERR (3): Warning: simplexml_load_string(): &lt;?xml version=&quot;1.0&quot;&gt;  in D:\phpStudy\WWW\magento1933\lib\Varien\Simplexml\Config.php on line 510
2017-07-18T03:28:46+00:00 ERR (3): Warning: simplexml_load_string():                    ^  in D:\phpStudy\WWW\magento1933\lib\Varien\Simplexml\Config.php on line 510
2017-07-18T03:29:08+00:00 ERR (3): Warning: simplexml_load_string(): Entity: line 1: parser error : Blank needed here  in D:\phpStudy\WWW\magento1933\lib\Varien\Simplexml\Config.php on line 510
2017-07-18T03:29:08+00:00 ERR (3): Warning: simplexml_load_string(): &lt;?xml version=&quot;1.0&quot;&gt;  in D:\phpStudy\WWW\magento1933\lib\Varien\Simplexml\Config.php on line 510
2017-07-18T03:29:08+00:00 ERR (3): Warning: simplexml_load_string():                    ^  in D:\phpStudy\WWW\magento1933\lib\Varien\Simplexml\Config.php on line 510
2017-07-18T03:29:08+00:00 ERR (3): Warning: simplexml_load_string(): Entity: line 1: parser error : parsing XML declaration: '?&gt;' expected  in D:\phpStudy\WWW\magento1933\lib\Varien\Simplexml\Config.php on line 510
2017-07-18T03:29:08+00:00 ERR (3): Warning: simplexml_load_string(): &lt;?xml version=&quot;1.0&quot;&gt;  in D:\phpStudy\WWW\magento1933\lib\Varien\Simplexml\Config.php on line 510
2017-07-18T03:29:08+00:00 ERR (3): Warning: simplexml_load_string():                    ^  in D:\phpStudy\WWW\magento1933\lib\Varien\Simplexml\Config.php on line 510
2017-07-18T03:29:45+00:00 ERR (3): Warning: simplexml_load_string(): Entity: line 1: parser error : Blank needed here  in D:\phpStudy\WWW\magento1933\lib\Varien\Simplexml\Config.php on line 510
2017-07-18T03:29:45+00:00 ERR (3): Warning: simplexml_load_string(): &lt;?xml version=&quot;1.0&quot;&gt;  in D:\phpStudy\WWW\magento1933\lib\Varien\Simplexml\Config.php on line 510
2017-07-18T03:29:45+00:00 ERR (3): Warning: simplexml_load_string():                    ^  in D:\phpStudy\WWW\magento1933\lib\Varien\Simplexml\Config.php on line 510
2017-07-18T03:29:45+00:00 ERR (3): Warning: simplexml_load_string(): Entity: line 1: parser error : parsing XML declaration: '?&gt;' expected  in D:\phpStudy\WWW\magento1933\lib\Varien\Simplexml\Config.php on line 510
2017-07-18T03:29:45+00:00 ERR (3): Warning: simplexml_load_string(): &lt;?xml version=&quot;1.0&quot;&gt;  in D:\phpStudy\WWW\magento1933\lib\Varien\Simplexml\Config.php on line 510
2017-07-18T03:29:45+00:00 ERR (3): Warning: simplexml_load_string():                    ^  in D:\phpStudy\WWW\magento1933\lib\Varien\Simplexml\Config.php on line 510
2017-07-18T03:30:09+00:00 ERR (3): Warning: simplexml_load_string(): Entity: line 1: parser error : Blank needed here  in D:\phpStudy\WWW\magento1933\lib\Varien\Simplexml\Config.php on line 510
2017-07-18T03:30:09+00:00 ERR (3): Warning: simplexml_load_string(): &lt;?xml version=&quot;1.0&quot;&gt;  in D:\phpStudy\WWW\magento1933\lib\Varien\Simplexml\Config.php on line 510
2017-07-18T03:30:09+00:00 ERR (3): Warning: simplexml_load_string():                    ^  in D:\phpStudy\WWW\magento1933\lib\Varien\Simplexml\Config.php on line 510
2017-07-18T03:30:09+00:00 ERR (3): Warning: simplexml_load_string(): Entity: line 1: parser error : parsing XML declaration: '?&gt;' expected  in D:\phpStudy\WWW\magento1933\lib\Varien\Simplexml\Config.php on line 510
2017-07-18T03:30:09+00:00 ERR (3): Warning: simplexml_load_string(): &lt;?xml version=&quot;1.0&quot;&gt;  in D:\phpStudy\WWW\magento1933\lib\Varien\Simplexml\Config.php on line 510
2017-07-18T03:30:09+00:00 ERR (3): Warning: simplexml_load_string():                    ^  in D:\phpStudy\WWW\magento1933\lib\Varien\Simplexml\Config.php on line 510
2017-07-18T03:30:40+00:00 ERR (3): Warning: simplexml_load_string(): Entity: line 1: parser error : Blank needed here  in D:\phpStudy\WWW\magento1933\lib\Varien\Simplexml\Config.php on line 510
2017-07-18T03:30:40+00:00 ERR (3): Warning: simplexml_load_string(): &lt;?xml version=&quot;1.0&quot;&gt;  in D:\phpStudy\WWW\magento1933\lib\Varien\Simplexml\Config.php on line 510
2017-07-18T03:30:40+00:00 ERR (3): Warning: simplexml_load_string():                    ^  in D:\phpStudy\WWW\magento1933\lib\Varien\Simplexml\Config.php on line 510
2017-07-18T03:30:40+00:00 ERR (3): Warning: simplexml_load_string(): Entity: line 1: parser error : parsing XML declaration: '?&gt;' expected  in D:\phpStudy\WWW\magento1933\lib\Varien\Simplexml\Config.php on line 510
2017-07-18T03:30:40+00:00 ERR (3): Warning: simplexml_load_string(): &lt;?xml version=&quot;1.0&quot;&gt;  in D:\phpStudy\WWW\magento1933\lib\Varien\Simplexml\Config.php on line 510
2017-07-18T03:30:40+00:00 ERR (3): Warning: simplexml_load_string():                    ^  in D:\phpStudy\WWW\magento1933\lib\Varien\Simplexml\Config.php on line 510
2017-07-18T03:30:46+00:00 ERR (3): Warning: simplexml_load_string(): Entity: line 1: parser error : Blank needed here  in D:\phpStudy\WWW\magento1933\lib\Varien\Simplexml\Config.php on line 510
2017-07-18T03:30:46+00:00 ERR (3): Warning: simplexml_load_string(): &lt;?xml version=&quot;1.0&quot;&gt;  in D:\phpStudy\WWW\magento1933\lib\Varien\Simplexml\Config.php on line 510
2017-07-18T03:30:46+00:00 ERR (3): Warning: simplexml_load_string():                    ^  in D:\phpStudy\WWW\magento1933\lib\Varien\Simplexml\Config.php on line 510
2017-07-18T03:30:46+00:00 ERR (3): Warning: simplexml_load_string(): Entity: line 1: parser error : parsing XML declaration: '?&gt;' expected  in D:\phpStudy\WWW\magento1933\lib\Varien\Simplexml\Config.php on line 510
2017-07-18T03:30:46+00:00 ERR (3): Warning: simplexml_load_string(): &lt;?xml version=&quot;1.0&quot;&gt;  in D:\phpStudy\WWW\magento1933\lib\Varien\Simplexml\Config.php on line 510
2017-07-18T03:30:46+00:00 ERR (3): Warning: simplexml_load_string():                    ^  in D:\phpStudy\WWW\magento1933\lib\Varien\Simplexml\Config.php on line 510
2017-07-18T03:30:47+00:00 ERR (3): Warning: simplexml_load_string(): Entity: line 1: parser error : Blank needed here  in D:\phpStudy\WWW\magento1933\lib\Varien\Simplexml\Config.php on line 510
2017-07-18T03:30:47+00:00 ERR (3): Warning: simplexml_load_string(): &lt;?xml version=&quot;1.0&quot;&gt;  in D:\phpStudy\WWW\magento1933\lib\Varien\Simplexml\Config.php on line 510
2017-07-18T03:30:47+00:00 ERR (3): Warning: simplexml_load_string():                    ^  in D:\phpStudy\WWW\magento1933\lib\Varien\Simplexml\Config.php on line 510
2017-07-18T03:30:47+00:00 ERR (3): Warning: simplexml_load_string(): Entity: line 1: parser error : parsing XML declaration: '?&gt;' expected  in D:\phpStudy\WWW\magento1933\lib\Varien\Simplexml\Config.php on line 510
2017-07-18T03:30:47+00:00 ERR (3): Warning: simplexml_load_string(): &lt;?xml version=&quot;1.0&quot;&gt;  in D:\phpStudy\WWW\magento1933\lib\Varien\Simplexml\Config.php on line 510
2017-07-18T03:30:47+00:00 ERR (3): Warning: simplexml_load_string():                    ^  in D:\phpStudy\WWW\magento1933\lib\Varien\Simplexml\Config.php on line 510
2017-07-18T03:30:49+00:00 ERR (3): Warning: simplexml_load_string(): Entity: line 1: parser error : Blank needed here  in D:\phpStudy\WWW\magento1933\lib\Varien\Simplexml\Config.php on line 510
2017-07-18T03:30:49+00:00 ERR (3): Warning: simplexml_load_string(): &lt;?xml version=&quot;1.0&quot;&gt;  in D:\phpStudy\WWW\magento1933\lib\Varien\Simplexml\Config.php on line 510
2017-07-18T03:30:49+00:00 ERR (3): Warning: simplexml_load_string():                    ^  in D:\phpStudy\WWW\magento1933\lib\Varien\Simplexml\Config.php on line 510
2017-07-18T03:30:49+00:00 ERR (3): Warning: simplexml_load_string(): Entity: line 1: parser error : parsing XML declaration: '?&gt;' expected  in D:\phpStudy\WWW\magento1933\lib\Varien\Simplexml\Config.php on line 510
2017-07-18T03:30:49+00:00 ERR (3): Warning: simplexml_load_string(): &lt;?xml version=&quot;1.0&quot;&gt;  in D:\phpStudy\WWW\magento1933\lib\Varien\Simplexml\Config.php on line 510
2017-07-18T03:30:49+00:00 ERR (3): Warning: simplexml_load_string():                    ^  in D:\phpStudy\WWW\magento1933\lib\Varien\Simplexml\Config.php on line 510
2017-07-18T03:30:55+00:00 ERR (3): Warning: simplexml_load_string(): Entity: line 1: parser error : Blank needed here  in D:\phpStudy\WWW\magento1933\lib\Varien\Simplexml\Config.php on line 510
2017-07-18T03:30:55+00:00 ERR (3): Warning: simplexml_load_string(): &lt;?xml version=&quot;1.0&quot;&gt;  in D:\phpStudy\WWW\magento1933\lib\Varien\Simplexml\Config.php on line 510
2017-07-18T03:30:55+00:00 ERR (3): Warning: simplexml_load_string():                    ^  in D:\phpStudy\WWW\magento1933\lib\Varien\Simplexml\Config.php on line 510
2017-07-18T03:30:55+00:00 ERR (3): Warning: simplexml_load_string(): Entity: line 1: parser error : parsing XML declaration: '?&gt;' expected  in D:\phpStudy\WWW\magento1933\lib\Varien\Simplexml\Config.php on line 510
2017-07-18T03:30:55+00:00 ERR (3): Warning: simplexml_load_string(): &lt;?xml version=&quot;1.0&quot;&gt;  in D:\phpStudy\WWW\magento1933\lib\Varien\Simplexml\Config.php on line 510
2017-07-18T03:30:55+00:00 ERR (3): Warning: simplexml_load_string():                    ^  in D:\phpStudy\WWW\magento1933\lib\Varien\Simplexml\Config.php on line 510
2017-07-18T03:30:59+00:00 ERR (3): Warning: simplexml_load_string(): Entity: line 1: parser error : Blank needed here  in D:\phpStudy\WWW\magento1933\lib\Varien\Simplexml\Config.php on line 510
2017-07-18T03:30:59+00:00 ERR (3): Warning: simplexml_load_string(): &lt;?xml version=&quot;1.0&quot;&gt;  in D:\phpStudy\WWW\magento1933\lib\Varien\Simplexml\Config.php on line 510
2017-07-18T03:30:59+00:00 ERR (3): Warning: simplexml_load_string():                    ^  in D:\phpStudy\WWW\magento1933\lib\Varien\Simplexml\Config.php on line 510
2017-07-18T03:30:59+00:00 ERR (3): Warning: simplexml_load_string(): Entity: line 1: parser error : parsing XML declaration: '?&gt;' expected  in D:\phpStudy\WWW\magento1933\lib\Varien\Simplexml\Config.php on line 510
2017-07-18T03:30:59+00:00 ERR (3): Warning: simplexml_load_string(): &lt;?xml version=&quot;1.0&quot;&gt;  in D:\phpStudy\WWW\magento1933\lib\Varien\Simplexml\Config.php on line 510
2017-07-18T03:30:59+00:00 ERR (3): Warning: simplexml_load_string():                    ^  in D:\phpStudy\WWW\magento1933\lib\Varien\Simplexml\Config.php on line 510
2017-07-18T03:31:02+00:00 ERR (3): Warning: simplexml_load_string(): Entity: line 1: parser error : Blank needed here  in D:\phpStudy\WWW\magento1933\lib\Varien\Simplexml\Config.php on line 510
2017-07-18T03:31:02+00:00 ERR (3): Warning: simplexml_load_string(): &lt;?xml version=&quot;1.0&quot;&gt;  in D:\phpStudy\WWW\magento1933\lib\Varien\Simplexml\Config.php on line 510
2017-07-18T03:31:02+00:00 ERR (3): Warning: simplexml_load_string():                    ^  in D:\phpStudy\WWW\magento1933\lib\Varien\Simplexml\Config.php on line 510
2017-07-18T03:31:02+00:00 ERR (3): Warning: simplexml_load_string(): Entity: line 1: parser error : parsing XML declaration: '?&gt;' expected  in D:\phpStudy\WWW\magento1933\lib\Varien\Simplexml\Config.php on line 510
2017-07-18T03:31:02+00:00 ERR (3): Warning: simplexml_load_string(): &lt;?xml version=&quot;1.0&quot;&gt;  in D:\phpStudy\WWW\magento1933\lib\Varien\Simplexml\Config.php on line 510
2017-07-18T03:31:02+00:00 ERR (3): Warning: simplexml_load_string():                    ^  in D:\phpStudy\WWW\magento1933\lib\Varien\Simplexml\Config.php on line 510
2017-07-18T03:31:07+00:00 ERR (3): Warning: simplexml_load_string(): Entity: line 1: parser error : Blank needed here  in D:\phpStudy\WWW\magento1933\lib\Varien\Simplexml\Config.php on line 510
2017-07-18T03:31:07+00:00 ERR (3): Warning: simplexml_load_string(): &lt;?xml version=&quot;1.0&quot;&gt;  in D:\phpStudy\WWW\magento1933\lib\Varien\Simplexml\Config.php on line 510
2017-07-18T03:31:07+00:00 ERR (3): Warning: simplexml_load_string():                    ^  in D:\phpStudy\WWW\magento1933\lib\Varien\Simplexml\Config.php on line 510
2017-07-18T03:31:07+00:00 ERR (3): Warning: simplexml_load_string(): Entity: line 1: parser error : parsing XML declaration: '?&gt;' expected  in D:\phpStudy\WWW\magento1933\lib\Varien\Simplexml\Config.php on line 510
2017-07-18T03:31:07+00:00 ERR (3): Warning: simplexml_load_string(): &lt;?xml version=&quot;1.0&quot;&gt;  in D:\phpStudy\WWW\magento1933\lib\Varien\Simplexml\Config.php on line 510
2017-07-18T03:31:07+00:00 ERR (3): Warning: simplexml_load_string():                    ^  in D:\phpStudy\WWW\magento1933\lib\Varien\Simplexml\Config.php on line 510
2017-07-18T03:32:57+00:00 ERR (3): Warning: simplexml_load_string(): Entity: line 1: parser error : Blank needed here  in D:\phpStudy\WWW\magento1933\lib\Varien\Simplexml\Config.php on line 510
2017-07-18T03:32:57+00:00 ERR (3): Warning: simplexml_load_string(): &lt;?xml version=&quot;1.0&quot;&gt;  in D:\phpStudy\WWW\magento1933\lib\Varien\Simplexml\Config.php on line 510
2017-07-18T03:32:57+00:00 ERR (3): Warning: simplexml_load_string():                    ^  in D:\phpStudy\WWW\magento1933\lib\Varien\Simplexml\Config.php on line 510
2017-07-18T03:32:57+00:00 ERR (3): Warning: simplexml_load_string(): Entity: line 1: parser error : parsing XML declaration: '?&gt;' expected  in D:\phpStudy\WWW\magento1933\lib\Varien\Simplexml\Config.php on line 510
2017-07-18T03:32:57+00:00 ERR (3): Warning: simplexml_load_string(): &lt;?xml version=&quot;1.0&quot;&gt;  in D:\phpStudy\WWW\magento1933\lib\Varien\Simplexml\Config.php on line 510
2017-07-18T03:32:57+00:00 ERR (3): Warning: simplexml_load_string():                    ^  in D:\phpStudy\WWW\magento1933\lib\Varien\Simplexml\Config.php on line 510
2017-07-18T03:33:00+00:00 ERR (3): Warning: simplexml_load_string(): Entity: line 1: parser error : Blank needed here  in D:\phpStudy\WWW\magento1933\lib\Varien\Simplexml\Config.php on line 510
2017-07-18T03:33:00+00:00 ERR (3): Warning: simplexml_load_string(): &lt;?xml version=&quot;1.0&quot;&gt;  in D:\phpStudy\WWW\magento1933\lib\Varien\Simplexml\Config.php on line 510
2017-07-18T03:33:00+00:00 ERR (3): Warning: simplexml_load_string():                    ^  in D:\phpStudy\WWW\magento1933\lib\Varien\Simplexml\Config.php on line 510
2017-07-18T03:33:00+00:00 ERR (3): Warning: simplexml_load_string(): Entity: line 1: parser error : parsing XML declaration: '?&gt;' expected  in D:\phpStudy\WWW\magento1933\lib\Varien\Simplexml\Config.php on line 510
2017-07-18T03:33:00+00:00 ERR (3): Warning: simplexml_load_string(): &lt;?xml version=&quot;1.0&quot;&gt;  in D:\phpStudy\WWW\magento1933\lib\Varien\Simplexml\Config.php on line 510
2017-07-18T03:33:00+00:00 ERR (3): Warning: simplexml_load_string():                    ^  in D:\phpStudy\WWW\magento1933\lib\Varien\Simplexml\Config.php on line 510
2017-07-18T03:33:13+00:00 ERR (3): Warning: simplexml_load_string(): Entity: line 1: parser error : Blank needed here  in D:\phpStudy\WWW\magento1933\lib\Varien\Simplexml\Config.php on line 510
2017-07-18T03:33:13+00:00 ERR (3): Warning: simplexml_load_string(): &lt;?xml version=&quot;1.0&quot;&gt;  in D:\phpStudy\WWW\magento1933\lib\Varien\Simplexml\Config.php on line 510
2017-07-18T03:33:13+00:00 ERR (3): Warning: simplexml_load_string():                    ^  in D:\phpStudy\WWW\magento1933\lib\Varien\Simplexml\Config.php on line 510
2017-07-18T03:33:13+00:00 ERR (3): Warning: simplexml_load_string(): Entity: line 1: parser error : parsing XML declaration: '?&gt;' expected  in D:\phpStudy\WWW\magento1933\lib\Varien\Simplexml\Config.php on line 510
2017-07-18T03:33:13+00:00 ERR (3): Warning: simplexml_load_string(): &lt;?xml version=&quot;1.0&quot;&gt;  in D:\phpStudy\WWW\magento1933\lib\Varien\Simplexml\Config.php on line 510
2017-07-18T03:33:13+00:00 ERR (3): Warning: simplexml_load_string():                    ^  in D:\phpStudy\WWW\magento1933\lib\Varien\Simplexml\Config.php on line 510
2017-07-18T03:33:17+00:00 ERR (3): Warning: simplexml_load_string(): Entity: line 1: parser error : Blank needed here  in D:\phpStudy\WWW\magento1933\lib\Varien\Simplexml\Config.php on line 510
2017-07-18T03:33:17+00:00 ERR (3): Warning: simplexml_load_string(): &lt;?xml version=&quot;1.0&quot;&gt;  in D:\phpStudy\WWW\magento1933\lib\Varien\Simplexml\Config.php on line 510
2017-07-18T03:33:17+00:00 ERR (3): Warning: simplexml_load_string():                    ^  in D:\phpStudy\WWW\magento1933\lib\Varien\Simplexml\Config.php on line 510
2017-07-18T03:33:17+00:00 ERR (3): Warning: simplexml_load_string(): Entity: line 1: parser error : parsing XML declaration: '?&gt;' expected  in D:\phpStudy\WWW\magento1933\lib\Varien\Simplexml\Config.php on line 510
2017-07-18T03:33:17+00:00 ERR (3): Warning: simplexml_load_string(): &lt;?xml version=&quot;1.0&quot;&gt;  in D:\phpStudy\WWW\magento1933\lib\Varien\Simplexml\Config.php on line 510
2017-07-18T03:33:17+00:00 ERR (3): Warning: simplexml_load_string():                    ^  in D:\phpStudy\WWW\magento1933\lib\Varien\Simplexml\Config.php on line 510
2017-07-18T03:33:48+00:00 ERR (3): Warning: simplexml_load_string(): Entity: line 1: parser error : Blank needed here  in D:\phpStudy\WWW\magento1933\lib\Varien\Simplexml\Config.php on line 510
2017-07-18T03:33:48+00:00 ERR (3): Warning: simplexml_load_string(): &lt;?xml version=&quot;1.0&quot;&gt;  in D:\phpStudy\WWW\magento1933\lib\Varien\Simplexml\Config.php on line 510
2017-07-18T03:33:48+00:00 ERR (3): Warning: simplexml_load_string():                    ^  in D:\phpStudy\WWW\magento1933\lib\Varien\Simplexml\Config.php on line 510
2017-07-18T03:33:48+00:00 ERR (3): Warning: simplexml_load_string(): Entity: line 1: parser error : parsing XML declaration: '?&gt;' expected  in D:\phpStudy\WWW\magento1933\lib\Varien\Simplexml\Config.php on line 510
2017-07-18T03:33:48+00:00 ERR (3): Warning: simplexml_load_string(): &lt;?xml version=&quot;1.0&quot;&gt;  in D:\phpStudy\WWW\magento1933\lib\Varien\Simplexml\Config.php on line 510
2017-07-18T03:33:48+00:00 ERR (3): Warning: simplexml_load_string():                    ^  in D:\phpStudy\WWW\magento1933\lib\Varien\Simplexml\Config.php on line 510
2017-07-18T03:37:06+00:00 ERR (3): Warning: simplexml_load_string(): Entity: line 1: parser error : Blank needed here  in D:\phpStudy\WWW\magento1933\lib\Varien\Simplexml\Config.php on line 510
2017-07-18T03:37:06+00:00 ERR (3): Warning: simplexml_load_string(): &lt;?xml version=&quot;1.0&quot;&gt;  in D:\phpStudy\WWW\magento1933\lib\Varien\Simplexml\Config.php on line 510
2017-07-18T03:37:06+00:00 ERR (3): Warning: simplexml_load_string():                    ^  in D:\phpStudy\WWW\magento1933\lib\Varien\Simplexml\Config.php on line 510
2017-07-18T03:37:06+00:00 ERR (3): Warning: simplexml_load_string(): Entity: line 1: parser error : parsing XML declaration: '?&gt;' expected  in D:\phpStudy\WWW\magento1933\lib\Varien\Simplexml\Config.php on line 510
2017-07-18T03:37:06+00:00 ERR (3): Warning: simplexml_load_string(): &lt;?xml version=&quot;1.0&quot;&gt;  in D:\phpStudy\WWW\magento1933\lib\Varien\Simplexml\Config.php on line 510
2017-07-18T03:37:06+00:00 ERR (3): Warning: simplexml_load_string():                    ^  in D:\phpStudy\WWW\magento1933\lib\Varien\Simplexml\Config.php on line 510
2017-07-18T03:37:10+00:00 ERR (3): Warning: simplexml_load_string(): Entity: line 1: parser error : Blank needed here  in D:\phpStudy\WWW\magento1933\lib\Varien\Simplexml\Config.php on line 510
2017-07-18T03:37:10+00:00 ERR (3): Warning: simplexml_load_string(): &lt;?xml version=&quot;1.0&quot;&gt;  in D:\phpStudy\WWW\magento1933\lib\Varien\Simplexml\Config.php on line 510
2017-07-18T03:37:10+00:00 ERR (3): Warning: simplexml_load_string():                    ^  in D:\phpStudy\WWW\magento1933\lib\Varien\Simplexml\Config.php on line 510
2017-07-18T03:37:10+00:00 ERR (3): Warning: simplexml_load_string(): Entity: line 1: parser error : parsing XML declaration: '?&gt;' expected  in D:\phpStudy\WWW\magento1933\lib\Varien\Simplexml\Config.php on line 510
2017-07-18T03:37:10+00:00 ERR (3): Warning: simplexml_load_string(): &lt;?xml version=&quot;1.0&quot;&gt;  in D:\phpStudy\WWW\magento1933\lib\Varien\Simplexml\Config.php on line 510
2017-07-18T03:37:10+00:00 ERR (3): Warning: simplexml_load_string():                    ^  in D:\phpStudy\WWW\magento1933\lib\Varien\Simplexml\Config.php on line 510
2017-07-18T03:37:13+00:00 ERR (3): Warning: simplexml_load_string(): Entity: line 1: parser error : Blank needed here  in D:\phpStudy\WWW\magento1933\lib\Varien\Simplexml\Config.php on line 510
2017-07-18T03:37:13+00:00 ERR (3): Warning: simplexml_load_string(): &lt;?xml version=&quot;1.0&quot;&gt;  in D:\phpStudy\WWW\magento1933\lib\Varien\Simplexml\Config.php on line 510
2017-07-18T03:37:13+00:00 ERR (3): Warning: simplexml_load_string():                    ^  in D:\phpStudy\WWW\magento1933\lib\Varien\Simplexml\Config.php on line 510
2017-07-18T03:37:13+00:00 ERR (3): Warning: simplexml_load_string(): Entity: line 1: parser error : parsing XML declaration: '?&gt;' expected  in D:\phpStudy\WWW\magento1933\lib\Varien\Simplexml\Config.php on line 510
2017-07-18T03:37:13+00:00 ERR (3): Warning: simplexml_load_string(): &lt;?xml version=&quot;1.0&quot;&gt;  in D:\phpStudy\WWW\magento1933\lib\Varien\Simplexml\Config.php on line 510
2017-07-18T03:37:13+00:00 ERR (3): Warning: simplexml_load_string():                    ^  in D:\phpStudy\WWW\magento1933\lib\Varien\Simplexml\Config.php on line 510
2017-07-18T03:37:39+00:00 ERR (3): Warning: simplexml_load_string(): Entity: line 1: parser error : Blank needed here  in D:\phpStudy\WWW\magento1933\lib\Varien\Simplexml\Config.php on line 510
2017-07-18T03:37:39+00:00 ERR (3): Warning: simplexml_load_string(): &lt;?xml version=&quot;1.0&quot;&gt;  in D:\phpStudy\WWW\magento1933\lib\Varien\Simplexml\Config.php on line 510
2017-07-18T03:37:39+00:00 ERR (3): Warning: simplexml_load_string():                    ^  in D:\phpStudy\WWW\magento1933\lib\Varien\Simplexml\Config.php on line 510
2017-07-18T03:37:39+00:00 ERR (3): Warning: simplexml_load_string(): Entity: line 1: parser error : parsing XML declaration: '?&gt;' expected  in D:\phpStudy\WWW\magento1933\lib\Varien\Simplexml\Config.php on line 510
2017-07-18T03:37:39+00:00 ERR (3): Warning: simplexml_load_string(): &lt;?xml version=&quot;1.0&quot;&gt;  in D:\phpStudy\WWW\magento1933\lib\Varien\Simplexml\Config.php on line 510
2017-07-18T03:37:39+00:00 ERR (3): Warning: simplexml_load_string():                    ^  in D:\phpStudy\WWW\magento1933\lib\Varien\Simplexml\Config.php on line 510
2017-07-18T03:42:03+00:00 ERR (3): Warning: simplexml_load_string(): Entity: line 1: parser error : Blank needed here  in D:\phpStudy\WWW\magento1933\lib\Varien\Simplexml\Config.php on line 510
2017-07-18T03:42:03+00:00 ERR (3): Warning: simplexml_load_string(): &lt;?xml version=&quot;1.0&quot;&gt;  in D:\phpStudy\WWW\magento1933\lib\Varien\Simplexml\Config.php on line 510
2017-07-18T03:42:03+00:00 ERR (3): Warning: simplexml_load_string():                    ^  in D:\phpStudy\WWW\magento1933\lib\Varien\Simplexml\Config.php on line 510
2017-07-18T03:42:03+00:00 ERR (3): Warning: simplexml_load_string(): Entity: line 1: parser error : parsing XML declaration: '?&gt;' expected  in D:\phpStudy\WWW\magento1933\lib\Varien\Simplexml\Config.php on line 510
2017-07-18T03:42:03+00:00 ERR (3): Warning: simplexml_load_string(): &lt;?xml version=&quot;1.0&quot;&gt;  in D:\phpStudy\WWW\magento1933\lib\Varien\Simplexml\Config.php on line 510
2017-07-18T03:42:03+00:00 ERR (3): Warning: simplexml_load_string():                    ^  in D:\phpStudy\WWW\magento1933\lib\Varien\Simplexml\Config.php on line 510
2017-07-18T03:42:04+00:00 ERR (3): Warning: simplexml_load_string(): Entity: line 1: parser error : Blank needed here  in D:\phpStudy\WWW\magento1933\lib\Varien\Simplexml\Config.php on line 510
2017-07-18T03:42:04+00:00 ERR (3): Warning: simplexml_load_string(): &lt;?xml version=&quot;1.0&quot;&gt;  in D:\phpStudy\WWW\magento1933\lib\Varien\Simplexml\Config.php on line 510
2017-07-18T03:42:04+00:00 ERR (3): Warning: simplexml_load_string():                    ^  in D:\phpStudy\WWW\magento1933\lib\Varien\Simplexml\Config.php on line 510
2017-07-18T03:42:04+00:00 ERR (3): Warning: simplexml_load_string(): Entity: line 1: parser error : parsing XML declaration: '?&gt;' expected  in D:\phpStudy\WWW\magento1933\lib\Varien\Simplexml\Config.php on line 510
2017-07-18T03:42:04+00:00 ERR (3): Warning: simplexml_load_string(): &lt;?xml version=&quot;1.0&quot;&gt;  in D:\phpStudy\WWW\magento1933\lib\Varien\Simplexml\Config.php on line 510
2017-07-18T03:42:04+00:00 ERR (3): Warning: simplexml_load_string():                    ^  in D:\phpStudy\WWW\magento1933\lib\Varien\Simplexml\Config.php on line 510
2017-07-18T03:42:07+00:00 ERR (3): Warning: simplexml_load_string(): Entity: line 1: parser error : Blank needed here  in D:\phpStudy\WWW\magento1933\lib\Varien\Simplexml\Config.php on line 510
2017-07-18T03:42:07+00:00 ERR (3): Warning: simplexml_load_string(): &lt;?xml version=&quot;1.0&quot;&gt;  in D:\phpStudy\WWW\magento1933\lib\Varien\Simplexml\Config.php on line 510
2017-07-18T03:42:07+00:00 ERR (3): Warning: simplexml_load_string():                    ^  in D:\phpStudy\WWW\magento1933\lib\Varien\Simplexml\Config.php on line 510
2017-07-18T03:42:07+00:00 ERR (3): Warning: simplexml_load_string(): Entity: line 1: parser error : parsing XML declaration: '?&gt;' expected  in D:\phpStudy\WWW\magento1933\lib\Varien\Simplexml\Config.php on line 510
2017-07-18T03:42:07+00:00 ERR (3): Warning: simplexml_load_string(): &lt;?xml version=&quot;1.0&quot;&gt;  in D:\phpStudy\WWW\magento1933\lib\Varien\Simplexml\Config.php on line 510
2017-07-18T03:42:07+00:00 ERR (3): Warning: simplexml_load_string():                    ^  in D:\phpStudy\WWW\magento1933\lib\Varien\Simplexml\Config.php on line 510
2017-07-18T03:42:09+00:00 ERR (3): Warning: simplexml_load_string(): Entity: line 1: parser error : Blank needed here  in D:\phpStudy\WWW\magento1933\lib\Varien\Simplexml\Config.php on line 510
2017-07-18T03:42:09+00:00 ERR (3): Warning: simplexml_load_string(): &lt;?xml version=&quot;1.0&quot;&gt;  in D:\phpStudy\WWW\magento1933\lib\Varien\Simplexml\Config.php on line 510
2017-07-18T03:42:09+00:00 ERR (3): Warning: simplexml_load_string():                    ^  in D:\phpStudy\WWW\magento1933\lib\Varien\Simplexml\Config.php on line 510
2017-07-18T03:42:09+00:00 ERR (3): Warning: simplexml_load_string(): Entity: line 1: parser error : parsing XML declaration: '?&gt;' expected  in D:\phpStudy\WWW\magento1933\lib\Varien\Simplexml\Config.php on line 510
2017-07-18T03:42:09+00:00 ERR (3): Warning: simplexml_load_string(): &lt;?xml version=&quot;1.0&quot;&gt;  in D:\phpStudy\WWW\magento1933\lib\Varien\Simplexml\Config.php on line 510
2017-07-18T03:42:09+00:00 ERR (3): Warning: simplexml_load_string():                    ^  in D:\phpStudy\WWW\magento1933\lib\Varien\Simplexml\Config.php on line 510
2017-07-18T03:42:10+00:00 ERR (3): Warning: simplexml_load_string(): Entity: line 1: parser error : Blank needed here  in D:\phpStudy\WWW\magento1933\lib\Varien\Simplexml\Config.php on line 510
2017-07-18T03:42:10+00:00 ERR (3): Warning: simplexml_load_string(): &lt;?xml version=&quot;1.0&quot;&gt;  in D:\phpStudy\WWW\magento1933\lib\Varien\Simplexml\Config.php on line 510
2017-07-18T03:42:10+00:00 ERR (3): Warning: simplexml_load_string():                    ^  in D:\phpStudy\WWW\magento1933\lib\Varien\Simplexml\Config.php on line 510
2017-07-18T03:42:10+00:00 ERR (3): Warning: simplexml_load_string(): Entity: line 1: parser error : parsing XML declaration: '?&gt;' expected  in D:\phpStudy\WWW\magento1933\lib\Varien\Simplexml\Config.php on line 510
2017-07-18T03:42:10+00:00 ERR (3): Warning: simplexml_load_string(): &lt;?xml version=&quot;1.0&quot;&gt;  in D:\phpStudy\WWW\magento1933\lib\Varien\Simplexml\Config.php on line 510
2017-07-18T03:42:10+00:00 ERR (3): Warning: simplexml_load_string():                    ^  in D:\phpStudy\WWW\magento1933\lib\Varien\Simplexml\Config.php on line 510
2017-07-18T03:42:17+00:00 ERR (3): Warning: simplexml_load_string(): Entity: line 1: parser error : Blank needed here  in D:\phpStudy\WWW\magento1933\lib\Varien\Simplexml\Config.php on line 510
2017-07-18T03:42:17+00:00 ERR (3): Warning: simplexml_load_string(): &lt;?xml version=&quot;1.0&quot;&gt;  in D:\phpStudy\WWW\magento1933\lib\Varien\Simplexml\Config.php on line 510
2017-07-18T03:42:17+00:00 ERR (3): Warning: simplexml_load_string():                    ^  in D:\phpStudy\WWW\magento1933\lib\Varien\Simplexml\Config.php on line 510
2017-07-18T03:42:17+00:00 ERR (3): Warning: simplexml_load_string(): Entity: line 1: parser error : parsing XML declaration: '?&gt;' expected  in D:\phpStudy\WWW\magento1933\lib\Varien\Simplexml\Config.php on line 510
2017-07-18T03:42:17+00:00 ERR (3): Warning: simplexml_load_string(): &lt;?xml version=&quot;1.0&quot;&gt;  in D:\phpStudy\WWW\magento1933\lib\Varien\Simplexml\Config.php on line 510
2017-07-18T03:42:17+00:00 ERR (3): Warning: simplexml_load_string():                    ^  in D:\phpStudy\WWW\magento1933\lib\Varien\Simplexml\Config.php on line 510
2017-07-18T03:42:21+00:00 ERR (3): Warning: simplexml_load_string(): Entity: line 1: parser error : Blank needed here  in D:\phpStudy\WWW\magento1933\lib\Varien\Simplexml\Config.php on line 510
2017-07-18T03:42:21+00:00 ERR (3): Warning: simplexml_load_string(): &lt;?xml version=&quot;1.0&quot;&gt;  in D:\phpStudy\WWW\magento1933\lib\Varien\Simplexml\Config.php on line 510
2017-07-18T03:42:21+00:00 ERR (3): Warning: simplexml_load_string():                    ^  in D:\phpStudy\WWW\magento1933\lib\Varien\Simplexml\Config.php on line 510
2017-07-18T03:42:21+00:00 ERR (3): Warning: simplexml_load_string(): Entity: line 1: parser error : parsing XML declaration: '?&gt;' expected  in D:\phpStudy\WWW\magento1933\lib\Varien\Simplexml\Config.php on line 510
2017-07-18T03:42:21+00:00 ERR (3): Warning: simplexml_load_string(): &lt;?xml version=&quot;1.0&quot;&gt;  in D:\phpStudy\WWW\magento1933\lib\Varien\Simplexml\Config.php on line 510
2017-07-18T03:42:21+00:00 ERR (3): Warning: simplexml_load_string():                    ^  in D:\phpStudy\WWW\magento1933\lib\Varien\Simplexml\Config.php on line 510
2017-07-18T03:42:24+00:00 ERR (3): Warning: simplexml_load_string(): Entity: line 1: parser error : Blank needed here  in D:\phpStudy\WWW\magento1933\lib\Varien\Simplexml\Config.php on line 510
2017-07-18T03:42:24+00:00 ERR (3): Warning: simplexml_load_string(): &lt;?xml version=&quot;1.0&quot;&gt;  in D:\phpStudy\WWW\magento1933\lib\Varien\Simplexml\Config.php on line 510
2017-07-18T03:42:24+00:00 ERR (3): Warning: simplexml_load_string():                    ^  in D:\phpStudy\WWW\magento1933\lib\Varien\Simplexml\Config.php on line 510
2017-07-18T03:42:24+00:00 ERR (3): Warning: simplexml_load_string(): Entity: line 1: parser error : parsing XML declaration: '?&gt;' expected  in D:\phpStudy\WWW\magento1933\lib\Varien\Simplexml\Config.php on line 510
2017-07-18T03:42:24+00:00 ERR (3): Warning: simplexml_load_string(): &lt;?xml version=&quot;1.0&quot;&gt;  in D:\phpStudy\WWW\magento1933\lib\Varien\Simplexml\Config.php on line 510
2017-07-18T03:42:24+00:00 ERR (3): Warning: simplexml_load_string():                    ^  in D:\phpStudy\WWW\magento1933\lib\Varien\Simplexml\Config.php on line 510
2017-07-18T03:42:28+00:00 ERR (3): Warning: simplexml_load_string(): Entity: line 1: parser error : Blank needed here  in D:\phpStudy\WWW\magento1933\lib\Varien\Simplexml\Config.php on line 510
2017-07-18T03:42:28+00:00 ERR (3): Warning: simplexml_load_string(): &lt;?xml version=&quot;1.0&quot;&gt;  in D:\phpStudy\WWW\magento1933\lib\Varien\Simplexml\Config.php on line 510
2017-07-18T03:42:28+00:00 ERR (3): Warning: simplexml_load_string():                    ^  in D:\phpStudy\WWW\magento1933\lib\Varien\Simplexml\Config.php on line 510
2017-07-18T03:42:28+00:00 ERR (3): Warning: simplexml_load_string(): Entity: line 1: parser error : parsing XML declaration: '?&gt;' expected  in D:\phpStudy\WWW\magento1933\lib\Varien\Simplexml\Config.php on line 510
2017-07-18T03:42:28+00:00 ERR (3): Warning: simplexml_load_string(): &lt;?xml version=&quot;1.0&quot;&gt;  in D:\phpStudy\WWW\magento1933\lib\Varien\Simplexml\Config.php on line 510
2017-07-18T03:42:28+00:00 ERR (3): Warning: simplexml_load_string():                    ^  in D:\phpStudy\WWW\magento1933\lib\Varien\Simplexml\Config.php on line 510
2017-07-18T03:42:33+00:00 ERR (3): Warning: simplexml_load_string(): Entity: line 1: parser error : Blank needed here  in D:\phpStudy\WWW\magento1933\lib\Varien\Simplexml\Config.php on line 510
2017-07-18T03:42:33+00:00 ERR (3): Warning: simplexml_load_string(): &lt;?xml version=&quot;1.0&quot;&gt;  in D:\phpStudy\WWW\magento1933\lib\Varien\Simplexml\Config.php on line 510
2017-07-18T03:42:33+00:00 ERR (3): Warning: simplexml_load_string():                    ^  in D:\phpStudy\WWW\magento1933\lib\Varien\Simplexml\Config.php on line 510
2017-07-18T03:42:33+00:00 ERR (3): Warning: simplexml_load_string(): Entity: line 1: parser error : parsing XML declaration: '?&gt;' expected  in D:\phpStudy\WWW\magento1933\lib\Varien\Simplexml\Config.php on line 510
2017-07-18T03:42:33+00:00 ERR (3): Warning: simplexml_load_string(): &lt;?xml version=&quot;1.0&quot;&gt;  in D:\phpStudy\WWW\magento1933\lib\Varien\Simplexml\Config.php on line 510
2017-07-18T03:42:33+00:00 ERR (3): Warning: simplexml_load_string():                    ^  in D:\phpStudy\WWW\magento1933\lib\Varien\Simplexml\Config.php on line 510
2017-07-18T03:43:04+00:00 ERR (3): Warning: simplexml_load_string(): Entity: line 1: parser error : Blank needed here  in D:\phpStudy\WWW\magento1933\lib\Varien\Simplexml\Config.php on line 510
2017-07-18T03:43:04+00:00 ERR (3): Warning: simplexml_load_string(): &lt;?xml version=&quot;1.0&quot;&gt;  in D:\phpStudy\WWW\magento1933\lib\Varien\Simplexml\Config.php on line 510
2017-07-18T03:43:04+00:00 ERR (3): Warning: simplexml_load_string():                    ^  in D:\phpStudy\WWW\magento1933\lib\Varien\Simplexml\Config.php on line 510
2017-07-18T03:43:04+00:00 ERR (3): Warning: simplexml_load_string(): Entity: line 1: parser error : parsing XML declaration: '?&gt;' expected  in D:\phpStudy\WWW\magento1933\lib\Varien\Simplexml\Config.php on line 510
2017-07-18T03:43:04+00:00 ERR (3): Warning: simplexml_load_string(): &lt;?xml version=&quot;1.0&quot;&gt;  in D:\phpStudy\WWW\magento1933\lib\Varien\Simplexml\Config.php on line 510
2017-07-18T03:43:04+00:00 ERR (3): Warning: simplexml_load_string():                    ^  in D:\phpStudy\WWW\magento1933\lib\Varien\Simplexml\Config.php on line 510
2017-07-18T03:43:20+00:00 ERR (3): Warning: simplexml_load_string(): Entity: line 1: parser error : Blank needed here  in D:\phpStudy\WWW\magento1933\lib\Varien\Simplexml\Config.php on line 510
2017-07-18T03:43:20+00:00 ERR (3): Warning: simplexml_load_string(): &lt;?xml version=&quot;1.0&quot;&gt;  in D:\phpStudy\WWW\magento1933\lib\Varien\Simplexml\Config.php on line 510
2017-07-18T03:43:20+00:00 ERR (3): Warning: simplexml_load_string():                    ^  in D:\phpStudy\WWW\magento1933\lib\Varien\Simplexml\Config.php on line 510
2017-07-18T03:43:20+00:00 ERR (3): Warning: simplexml_load_string(): Entity: line 1: parser error : parsing XML declaration: '?&gt;' expected  in D:\phpStudy\WWW\magento1933\lib\Varien\Simplexml\Config.php on line 510
2017-07-18T03:43:20+00:00 ERR (3): Warning: simplexml_load_string(): &lt;?xml version=&quot;1.0&quot;&gt;  in D:\phpStudy\WWW\magento1933\lib\Varien\Simplexml\Config.php on line 510
2017-07-18T03:43:20+00:00 ERR (3): Warning: simplexml_load_string():                    ^  in D:\phpStudy\WWW\magento1933\lib\Varien\Simplexml\Config.php on line 510
2017-07-18T03:43:31+00:00 ERR (3): Warning: simplexml_load_string(): Entity: line 1: parser error : Blank needed here  in D:\phpStudy\WWW\magento1933\lib\Varien\Simplexml\Config.php on line 510
2017-07-18T03:43:31+00:00 ERR (3): Warning: simplexml_load_string(): &lt;?xml version=&quot;1.0&quot;&gt;  in D:\phpStudy\WWW\magento1933\lib\Varien\Simplexml\Config.php on line 510
2017-07-18T03:43:31+00:00 ERR (3): Warning: simplexml_load_string():                    ^  in D:\phpStudy\WWW\magento1933\lib\Varien\Simplexml\Config.php on line 510
2017-07-18T03:43:31+00:00 ERR (3): Warning: simplexml_load_string(): Entity: line 1: parser error : parsing XML declaration: '?&gt;' expected  in D:\phpStudy\WWW\magento1933\lib\Varien\Simplexml\Config.php on line 510
2017-07-18T03:43:31+00:00 ERR (3): Warning: simplexml_load_string(): &lt;?xml version=&quot;1.0&quot;&gt;  in D:\phpStudy\WWW\magento1933\lib\Varien\Simplexml\Config.php on line 510
2017-07-18T03:43:31+00:00 ERR (3): Warning: simplexml_load_string():                    ^  in D:\phpStudy\WWW\magento1933\lib\Varien\Simplexml\Config.php on line 510
2017-07-18T03:43:34+00:00 ERR (3): Warning: simplexml_load_string(): Entity: line 1: parser error : Blank needed here  in D:\phpStudy\WWW\magento1933\lib\Varien\Simplexml\Config.php on line 510
2017-07-18T03:43:34+00:00 ERR (3): Warning: simplexml_load_string(): &lt;?xml version=&quot;1.0&quot;&gt;  in D:\phpStudy\WWW\magento1933\lib\Varien\Simplexml\Config.php on line 510
2017-07-18T03:43:34+00:00 ERR (3): Warning: simplexml_load_string():                    ^  in D:\phpStudy\WWW\magento1933\lib\Varien\Simplexml\Config.php on line 510
2017-07-18T03:43:34+00:00 ERR (3): Warning: simplexml_load_string(): Entity: line 1: parser error : parsing XML declaration: '?&gt;' expected  in D:\phpStudy\WWW\magento1933\lib\Varien\Simplexml\Config.php on line 510
2017-07-18T03:43:34+00:00 ERR (3): Warning: simplexml_load_string(): &lt;?xml version=&quot;1.0&quot;&gt;  in D:\phpStudy\WWW\magento1933\lib\Varien\Simplexml\Config.php on line 510
2017-07-18T03:43:34+00:00 ERR (3): Warning: simplexml_load_string():                    ^  in D:\phpStudy\WWW\magento1933\lib\Varien\Simplexml\Config.php on line 510
2017-07-18T03:43:53+00:00 ERR (3): Warning: simplexml_load_string(): Entity: line 1: parser error : Blank needed here  in D:\phpStudy\WWW\magento1933\lib\Varien\Simplexml\Config.php on line 510
2017-07-18T03:43:53+00:00 ERR (3): Warning: simplexml_load_string(): &lt;?xml version=&quot;1.0&quot;&gt;  in D:\phpStudy\WWW\magento1933\lib\Varien\Simplexml\Config.php on line 510
2017-07-18T03:43:53+00:00 ERR (3): Warning: simplexml_load_string():                    ^  in D:\phpStudy\WWW\magento1933\lib\Varien\Simplexml\Config.php on line 510
2017-07-18T03:43:53+00:00 ERR (3): Warning: simplexml_load_string(): Entity: line 1: parser error : parsing XML declaration: '?&gt;' expected  in D:\phpStudy\WWW\magento1933\lib\Varien\Simplexml\Config.php on line 510
2017-07-18T03:43:53+00:00 ERR (3): Warning: simplexml_load_string(): &lt;?xml version=&quot;1.0&quot;&gt;  in D:\phpStudy\WWW\magento1933\lib\Varien\Simplexml\Config.php on line 510
2017-07-18T03:43:53+00:00 ERR (3): Warning: simplexml_load_string():                    ^  in D:\phpStudy\WWW\magento1933\lib\Varien\Simplexml\Config.php on line 510
2017-07-18T03:44:05+00:00 ERR (3): Warning: simplexml_load_string(): Entity: line 1: parser error : Blank needed here  in D:\phpStudy\WWW\magento1933\lib\Varien\Simplexml\Config.php on line 510
2017-07-18T03:44:05+00:00 ERR (3): Warning: simplexml_load_string(): &lt;?xml version=&quot;1.0&quot;&gt;  in D:\phpStudy\WWW\magento1933\lib\Varien\Simplexml\Config.php on line 510
2017-07-18T03:44:05+00:00 ERR (3): Warning: simplexml_load_string():                    ^  in D:\phpStudy\WWW\magento1933\lib\Varien\Simplexml\Config.php on line 510
2017-07-18T03:44:05+00:00 ERR (3): Warning: simplexml_load_string(): Entity: line 1: parser error : parsing XML declaration: '?&gt;' expected  in D:\phpStudy\WWW\magento1933\lib\Varien\Simplexml\Config.php on line 510
2017-07-18T03:44:05+00:00 ERR (3): Warning: simplexml_load_string(): &lt;?xml version=&quot;1.0&quot;&gt;  in D:\phpStudy\WWW\magento1933\lib\Varien\Simplexml\Config.php on line 510
2017-07-18T03:44:05+00:00 ERR (3): Warning: simplexml_load_string():                    ^  in D:\phpStudy\WWW\magento1933\lib\Varien\Simplexml\Config.php on line 510
2017-07-18T03:49:00+00:00 ERR (3): Warning: simplexml_load_string(): Entity: line 1: parser error : Blank needed here  in D:\phpStudy\WWW\magento1933\lib\Varien\Simplexml\Config.php on line 510
2017-07-18T03:49:00+00:00 ERR (3): Warning: simplexml_load_string(): &lt;?xml version=&quot;1.0&quot;&gt;  in D:\phpStudy\WWW\magento1933\lib\Varien\Simplexml\Config.php on line 510
2017-07-18T03:49:00+00:00 ERR (3): Warning: simplexml_load_string():                    ^  in D:\phpStudy\WWW\magento1933\lib\Varien\Simplexml\Config.php on line 510
2017-07-18T03:49:00+00:00 ERR (3): Warning: simplexml_load_string(): Entity: line 1: parser error : parsing XML declaration: '?&gt;' expected  in D:\phpStudy\WWW\magento1933\lib\Varien\Simplexml\Config.php on line 510
2017-07-18T03:49:00+00:00 ERR (3): Warning: simplexml_load_string(): &lt;?xml version=&quot;1.0&quot;&gt;  in D:\phpStudy\WWW\magento1933\lib\Varien\Simplexml\Config.php on line 510
2017-07-18T03:49:00+00:00 ERR (3): Warning: simplexml_load_string():                    ^  in D:\phpStudy\WWW\magento1933\lib\Varien\Simplexml\Config.php on line 510
2017-07-18T03:49:04+00:00 ERR (3): Warning: simplexml_load_string(): Entity: line 1: parser error : Blank needed here  in D:\phpStudy\WWW\magento1933\lib\Varien\Simplexml\Config.php on line 510
2017-07-18T03:49:04+00:00 ERR (3): Warning: simplexml_load_string(): &lt;?xml version=&quot;1.0&quot;&gt;  in D:\phpStudy\WWW\magento1933\lib\Varien\Simplexml\Config.php on line 510
2017-07-18T03:49:04+00:00 ERR (3): Warning: simplexml_load_string():                    ^  in D:\phpStudy\WWW\magento1933\lib\Varien\Simplexml\Config.php on line 510
2017-07-18T03:49:04+00:00 ERR (3): Warning: simplexml_load_string(): Entity: line 1: parser error : parsing XML declaration: '?&gt;' expected  in D:\phpStudy\WWW\magento1933\lib\Varien\Simplexml\Config.php on line 510
2017-07-18T03:49:04+00:00 ERR (3): Warning: simplexml_load_string(): &lt;?xml version=&quot;1.0&quot;&gt;  in D:\phpStudy\WWW\magento1933\lib\Varien\Simplexml\Config.php on line 510
2017-07-18T03:49:04+00:00 ERR (3): Warning: simplexml_load_string():                    ^  in D:\phpStudy\WWW\magento1933\lib\Varien\Simplexml\Config.php on line 510
2017-07-18T03:54:05+00:00 ERR (3): Warning: simplexml_load_string(): Entity: line 1: parser error : Blank needed here  in D:\phpStudy\WWW\magento1933\lib\Varien\Simplexml\Config.php on line 510
2017-07-18T03:54:05+00:00 ERR (3): Warning: simplexml_load_string(): &lt;?xml version=&quot;1.0&quot;&gt;  in D:\phpStudy\WWW\magento1933\lib\Varien\Simplexml\Config.php on line 510
2017-07-18T03:54:05+00:00 ERR (3): Warning: simplexml_load_string():                    ^  in D:\phpStudy\WWW\magento1933\lib\Varien\Simplexml\Config.php on line 510
2017-07-18T03:54:05+00:00 ERR (3): Warning: simplexml_load_string(): Entity: line 1: parser error : parsing XML declaration: '?&gt;' expected  in D:\phpStudy\WWW\magento1933\lib\Varien\Simplexml\Config.php on line 510
2017-07-18T03:54:05+00:00 ERR (3): Warning: simplexml_load_string(): &lt;?xml version=&quot;1.0&quot;&gt;  in D:\phpStudy\WWW\magento1933\lib\Varien\Simplexml\Config.php on line 510
2017-07-18T03:54:05+00:00 ERR (3): Warning: simplexml_load_string():                    ^  in D:\phpStudy\WWW\magento1933\lib\Varien\Simplexml\Config.php on line 510
2017-07-18T03:54:08+00:00 ERR (3): Warning: simplexml_load_string(): Entity: line 1: parser error : Blank needed here  in D:\phpStudy\WWW\magento1933\lib\Varien\Simplexml\Config.php on line 510
2017-07-18T03:54:08+00:00 ERR (3): Warning: simplexml_load_string(): &lt;?xml version=&quot;1.0&quot;&gt;  in D:\phpStudy\WWW\magento1933\lib\Varien\Simplexml\Config.php on line 510
2017-07-18T03:54:08+00:00 ERR (3): Warning: simplexml_load_string():                    ^  in D:\phpStudy\WWW\magento1933\lib\Varien\Simplexml\Config.php on line 510
2017-07-18T03:54:08+00:00 ERR (3): Warning: simplexml_load_string(): Entity: line 1: parser error : parsing XML declaration: '?&gt;' expected  in D:\phpStudy\WWW\magento1933\lib\Varien\Simplexml\Config.php on line 510
2017-07-18T03:54:08+00:00 ERR (3): Warning: simplexml_load_string(): &lt;?xml version=&quot;1.0&quot;&gt;  in D:\phpStudy\WWW\magento1933\lib\Varien\Simplexml\Config.php on line 510
2017-07-18T03:54:08+00:00 ERR (3): Warning: simplexml_load_string():                    ^  in D:\phpStudy\WWW\magento1933\lib\Varien\Simplexml\Config.php on line 510
2017-07-18T03:54:25+00:00 ERR (3): Warning: simplexml_load_string(): Entity: line 1: parser error : Blank needed here  in D:\phpStudy\WWW\magento1933\lib\Varien\Simplexml\Config.php on line 510
2017-07-18T03:54:25+00:00 ERR (3): Warning: simplexml_load_string(): &lt;?xml version=&quot;1.0&quot;&gt;  in D:\phpStudy\WWW\magento1933\lib\Varien\Simplexml\Config.php on line 510
2017-07-18T03:54:25+00:00 ERR (3): Warning: simplexml_load_string():                    ^  in D:\phpStudy\WWW\magento1933\lib\Varien\Simplexml\Config.php on line 510
2017-07-18T03:54:25+00:00 ERR (3): Warning: simplexml_load_string(): Entity: line 1: parser error : parsing XML declaration: '?&gt;' expected  in D:\phpStudy\WWW\magento1933\lib\Varien\Simplexml\Config.php on line 510
2017-07-18T03:54:25+00:00 ERR (3): Warning: simplexml_load_string(): &lt;?xml version=&quot;1.0&quot;&gt;  in D:\phpStudy\WWW\magento1933\lib\Varien\Simplexml\Config.php on line 510
2017-07-18T03:54:25+00:00 ERR (3): Warning: simplexml_load_string():                    ^  in D:\phpStudy\WWW\magento1933\lib\Varien\Simplexml\Config.php on line 510
2017-07-18T03:56:10+00:00 ERR (3): Warning: simplexml_load_string(): Entity: line 1: parser error : Blank needed here  in D:\phpStudy\WWW\magento1933\lib\Varien\Simplexml\Config.php on line 510
2017-07-18T03:56:10+00:00 ERR (3): Warning: simplexml_load_string(): &lt;?xml version=&quot;1.0&quot;&gt;  in D:\phpStudy\WWW\magento1933\lib\Varien\Simplexml\Config.php on line 510
2017-07-18T03:56:10+00:00 ERR (3): Warning: simplexml_load_string():                    ^  in D:\phpStudy\WWW\magento1933\lib\Varien\Simplexml\Config.php on line 510
2017-07-18T03:56:10+00:00 ERR (3): Warning: simplexml_load_string(): Entity: line 1: parser error : parsing XML declaration: '?&gt;' expected  in D:\phpStudy\WWW\magento1933\lib\Varien\Simplexml\Config.php on line 510
2017-07-18T03:56:10+00:00 ERR (3): Warning: simplexml_load_string(): &lt;?xml version=&quot;1.0&quot;&gt;  in D:\phpStudy\WWW\magento1933\lib\Varien\Simplexml\Config.php on line 510
2017-07-18T03:56:10+00:00 ERR (3): Warning: simplexml_load_string():                    ^  in D:\phpStudy\WWW\magento1933\lib\Varien\Simplexml\Config.php on line 510
2017-07-18T03:56:15+00:00 ERR (3): Warning: simplexml_load_string(): Entity: line 1: parser error : Blank needed here  in D:\phpStudy\WWW\magento1933\lib\Varien\Simplexml\Config.php on line 510
2017-07-18T03:56:15+00:00 ERR (3): Warning: simplexml_load_string(): &lt;?xml version=&quot;1.0&quot;&gt;  in D:\phpStudy\WWW\magento1933\lib\Varien\Simplexml\Config.php on line 510
2017-07-18T03:56:15+00:00 ERR (3): Warning: simplexml_load_string():                    ^  in D:\phpStudy\WWW\magento1933\lib\Varien\Simplexml\Config.php on line 510
2017-07-18T03:56:15+00:00 ERR (3): Warning: simplexml_load_string(): Entity: line 1: parser error : parsing XML declaration: '?&gt;' expected  in D:\phpStudy\WWW\magento1933\lib\Varien\Simplexml\Config.php on line 510
2017-07-18T03:56:15+00:00 ERR (3): Warning: simplexml_load_string(): &lt;?xml version=&quot;1.0&quot;&gt;  in D:\phpStudy\WWW\magento1933\lib\Varien\Simplexml\Config.php on line 510
2017-07-18T03:56:15+00:00 ERR (3): Warning: simplexml_load_string():                    ^  in D:\phpStudy\WWW\magento1933\lib\Varien\Simplexml\Config.php on line 510
2017-07-18T03:56:19+00:00 ERR (3): Warning: simplexml_load_string(): Entity: line 1: parser error : Blank needed here  in D:\phpStudy\WWW\magento1933\lib\Varien\Simplexml\Config.php on line 510
2017-07-18T03:56:19+00:00 ERR (3): Warning: simplexml_load_string(): &lt;?xml version=&quot;1.0&quot;&gt;  in D:\phpStudy\WWW\magento1933\lib\Varien\Simplexml\Config.php on line 510
2017-07-18T03:56:19+00:00 ERR (3): Warning: simplexml_load_string():                    ^  in D:\phpStudy\WWW\magento1933\lib\Varien\Simplexml\Config.php on line 510
2017-07-18T03:56:19+00:00 ERR (3): Warning: simplexml_load_string(): Entity: line 1: parser error : parsing XML declaration: '?&gt;' expected  in D:\phpStudy\WWW\magento1933\lib\Varien\Simplexml\Config.php on line 510
2017-07-18T03:56:19+00:00 ERR (3): Warning: simplexml_load_string(): &lt;?xml version=&quot;1.0&quot;&gt;  in D:\phpStudy\WWW\magento1933\lib\Varien\Simplexml\Config.php on line 510
2017-07-18T03:56:19+00:00 ERR (3): Warning: simplexml_load_string():                    ^  in D:\phpStudy\WWW\magento1933\lib\Varien\Simplexml\Config.php on line 510
2017-07-18T03:56:30+00:00 ERR (3): Warning: simplexml_load_string(): Entity: line 1: parser error : Blank needed here  in D:\phpStudy\WWW\magento1933\lib\Varien\Simplexml\Config.php on line 510
2017-07-18T03:56:30+00:00 ERR (3): Warning: simplexml_load_string(): &lt;?xml version=&quot;1.0&quot;&gt;  in D:\phpStudy\WWW\magento1933\lib\Varien\Simplexml\Config.php on line 510
2017-07-18T03:56:30+00:00 ERR (3): Warning: simplexml_load_string():                    ^  in D:\phpStudy\WWW\magento1933\lib\Varien\Simplexml\Config.php on line 510
2017-07-18T03:56:30+00:00 ERR (3): Warning: simplexml_load_string(): Entity: line 1: parser error : parsing XML declaration: '?&gt;' expected  in D:\phpStudy\WWW\magento1933\lib\Varien\Simplexml\Config.php on line 510
2017-07-18T03:56:30+00:00 ERR (3): Warning: simplexml_load_string(): &lt;?xml version=&quot;1.0&quot;&gt;  in D:\phpStudy\WWW\magento1933\lib\Varien\Simplexml\Config.php on line 510
2017-07-18T03:56:30+00:00 ERR (3): Warning: simplexml_load_string():                    ^  in D:\phpStudy\WWW\magento1933\lib\Varien\Simplexml\Config.php on line 510
2017-07-18T03:59:25+00:00 ERR (3): Warning: simplexml_load_string(): Entity: line 1: parser error : Blank needed here  in D:\phpStudy\WWW\magento1933\lib\Varien\Simplexml\Config.php on line 510
2017-07-18T03:59:25+00:00 ERR (3): Warning: simplexml_load_string(): &lt;?xml version=&quot;1.0&quot;&gt;  in D:\phpStudy\WWW\magento1933\lib\Varien\Simplexml\Config.php on line 510
2017-07-18T03:59:25+00:00 ERR (3): Warning: simplexml_load_string():                    ^  in D:\phpStudy\WWW\magento1933\lib\Varien\Simplexml\Config.php on line 510
2017-07-18T03:59:25+00:00 ERR (3): Warning: simplexml_load_string(): Entity: line 1: parser error : parsing XML declaration: '?&gt;' expected  in D:\phpStudy\WWW\magento1933\lib\Varien\Simplexml\Config.php on line 510
2017-07-18T03:59:25+00:00 ERR (3): Warning: simplexml_load_string(): &lt;?xml version=&quot;1.0&quot;&gt;  in D:\phpStudy\WWW\magento1933\lib\Varien\Simplexml\Config.php on line 510
2017-07-18T03:59:25+00:00 ERR (3): Warning: simplexml_load_string():                    ^  in D:\phpStudy\WWW\magento1933\lib\Varien\Simplexml\Config.php on line 510
2017-07-18T04:00:22+00:00 ERR (3): Warning: simplexml_load_string(): Entity: line 1: parser error : Blank needed here  in D:\phpStudy\WWW\magento1933\lib\Varien\Simplexml\Config.php on line 510
2017-07-18T04:00:22+00:00 ERR (3): Warning: simplexml_load_string(): &lt;?xml version=&quot;1.0&quot;&gt;  in D:\phpStudy\WWW\magento1933\lib\Varien\Simplexml\Config.php on line 510
2017-07-18T04:00:22+00:00 ERR (3): Warning: simplexml_load_string():                    ^  in D:\phpStudy\WWW\magento1933\lib\Varien\Simplexml\Config.php on line 510
2017-07-18T04:00:22+00:00 ERR (3): Warning: simplexml_load_string(): Entity: line 1: parser error : parsing XML declaration: '?&gt;' expected  in D:\phpStudy\WWW\magento1933\lib\Varien\Simplexml\Config.php on line 510
2017-07-18T04:00:22+00:00 ERR (3): Warning: simplexml_load_string(): &lt;?xml version=&quot;1.0&quot;&gt;  in D:\phpStudy\WWW\magento1933\lib\Varien\Simplexml\Config.php on line 510
2017-07-18T04:00:22+00:00 ERR (3): Warning: simplexml_load_string():                    ^  in D:\phpStudy\WWW\magento1933\lib\Varien\Simplexml\Config.php on line 510
2017-07-18T04:00:26+00:00 ERR (3): Warning: simplexml_load_string(): Entity: line 1: parser error : Blank needed here  in D:\phpStudy\WWW\magento1933\lib\Varien\Simplexml\Config.php on line 510
2017-07-18T04:00:26+00:00 ERR (3): Warning: simplexml_load_string(): &lt;?xml version=&quot;1.0&quot;&gt;  in D:\phpStudy\WWW\magento1933\lib\Varien\Simplexml\Config.php on line 510
2017-07-18T04:00:26+00:00 ERR (3): Warning: simplexml_load_string():                    ^  in D:\phpStudy\WWW\magento1933\lib\Varien\Simplexml\Config.php on line 510
2017-07-18T04:00:26+00:00 ERR (3): Warning: simplexml_load_string(): Entity: line 1: parser error : parsing XML declaration: '?&gt;' expected  in D:\phpStudy\WWW\magento1933\lib\Varien\Simplexml\Config.php on line 510
2017-07-18T04:00:26+00:00 ERR (3): Warning: simplexml_load_string(): &lt;?xml version=&quot;1.0&quot;&gt;  in D:\phpStudy\WWW\magento1933\lib\Varien\Simplexml\Config.php on line 510
2017-07-18T04:00:26+00:00 ERR (3): Warning: simplexml_load_string():                    ^  in D:\phpStudy\WWW\magento1933\lib\Varien\Simplexml\Config.php on line 510
2017-07-19T09:15:54+00:00 ERR (3): Warning: simplexml_load_string(): Entity: line 49: parser error : Opening and ending tag mismatch: config line 2 and global  in D:\phpStudy\WWW\magento1933\lib\Varien\Simplexml\Config.php on line 510
2017-07-19T09:15:54+00:00 ERR (3): Warning: simplexml_load_string(): 	&lt;/global&gt;  in D:\phpStudy\WWW\magento1933\lib\Varien\Simplexml\Config.php on line 510
2017-07-19T09:15:54+00:00 ERR (3): Warning: simplexml_load_string(): 	         ^  in D:\phpStudy\WWW\magento1933\lib\Varien\Simplexml\Config.php on line 510
2017-07-19T09:15:54+00:00 ERR (3): Warning: simplexml_load_string(): Entity: line 50: parser error : Extra content at the end of the document  in D:\phpStudy\WWW\magento1933\lib\Varien\Simplexml\Config.php on line 510
2017-07-19T09:15:54+00:00 ERR (3): Warning: simplexml_load_string(): 	&lt;frontend&gt;  in D:\phpStudy\WWW\magento1933\lib\Varien\Simplexml\Config.php on line 510
2017-07-19T09:15:54+00:00 ERR (3): Warning: simplexml_load_string(): 	^  in D:\phpStudy\WWW\magento1933\lib\Varien\Simplexml\Config.php on line 510
2017-07-19T09:17:42+00:00 ERR (3): Warning: simplexml_load_string(): Entity: line 12: parser error : Opening and ending tag mismatch: bantangtestt line 10 and bantangtest  in D:\phpStudy\WWW\magento1933\lib\Varien\Simplexml\Config.php on line 510
2017-07-19T09:17:42+00:00 ERR (3): Warning: simplexml_load_string(): 			&lt;/bantangtest&gt;  in D:\phpStudy\WWW\magento1933\lib\Varien\Simplexml\Config.php on line 510
2017-07-19T09:17:42+00:00 ERR (3): Warning: simplexml_load_string(): 			              ^  in D:\phpStudy\WWW\magento1933\lib\Varien\Simplexml\Config.php on line 510
2017-07-19T09:36:32+00:00 ERR (3): Warning: simplexml_load_string(): Entity: line 12: parser error : Opening and ending tag mismatch: bantangtest4 line 10 and bantangtest  in D:\phpStudy\WWW\magento1933\lib\Varien\Simplexml\Config.php on line 510
2017-07-19T09:36:32+00:00 ERR (3): Warning: simplexml_load_string(): 			&lt;/bantangtest&gt;  in D:\phpStudy\WWW\magento1933\lib\Varien\Simplexml\Config.php on line 510
2017-07-19T09:36:32+00:00 ERR (3): Warning: simplexml_load_string(): 			              ^  in D:\phpStudy\WWW\magento1933\lib\Varien\Simplexml\Config.php on line 510
2017-07-19T09:36:34+00:00 ERR (3): Warning: simplexml_load_string(): Entity: line 12: parser error : Opening and ending tag mismatch: bantangtest4 line 10 and bantangtest  in D:\phpStudy\WWW\magento1933\lib\Varien\Simplexml\Config.php on line 510
2017-07-19T09:36:34+00:00 ERR (3): Warning: simplexml_load_string(): 			&lt;/bantangtest&gt;  in D:\phpStudy\WWW\magento1933\lib\Varien\Simplexml\Config.php on line 510
2017-07-19T09:36:34+00:00 ERR (3): Warning: simplexml_load_string(): 			              ^  in D:\phpStudy\WWW\magento1933\lib\Varien\Simplexml\Config.php on line 510
